I1025 17:52:47.718155  2609 caffe.cpp:217] Using GPUs 0
I1025 17:52:48.579267  2609 caffe.cpp:222] GPU 0: GeForce GTX 960
I1025 17:52:50.953137  2609 solver.cpp:48] Initializing solver from parameters: 
test_iter: 1000
test_interval: 1000
base_lr: 0.01
display: 20
max_iter: 450000
lr_policy: "step"
gamma: 0.1
momentum: 0.9
weight_decay: 0.0005
stepsize: 50000
snapshot: 5000
snapshot_prefix: "adamnet_train"
solver_mode: GPU
device_id: 0
net: "train_val.prototxt"
train_state {
  level: 0
  stage: ""
}
delta: 1e-08
momentum2: 0.999
type: "Adam"
I1025 17:52:50.953245  2609 solver.cpp:91] Creating training net from net file: train_val.prototxt
I1025 17:52:50.953467  2609 upgrade_proto.cpp:77] Attempting to upgrade batch norm layers using deprecated params: train_val.prototxt
I1025 17:52:50.953475  2609 upgrade_proto.cpp:80] Successfully upgraded batch norm layers using deprecated params.
I1025 17:52:50.964380  2609 net.cpp:322] The NetState phase (0) differed from the phase (1) specified by a rule in layer data
I1025 17:52:50.964540  2609 net.cpp:58] Initializing net from parameters: 
name: "CaffeNet"
state {
  phase: TRAIN
  level: 0
  stage: ""
}
layer {
  name: "data"
  type: "Data"
  top: "data"
  top: "label"
  include {
    phase: TRAIN
  }
  transform_param {
    mirror: true
    crop_size: 227
    mean_file: "imagenet_mean.binaryproto"
  }
  data_param {
    source: "../../data/imagenet/ilsvrc12_train_lmdb"
    batch_size: 10
    backend: LMDB
  }
}
layer {
  name: "conv1"
  type: "Convolution"
  bottom: "data"
  top: "conv1"
  param {
    lr_mult: 1
    decay_mult: 1
  }
  param {
    lr_mult: 2
    decay_mult: 0
  }
  convolution_param {
    num_output: 96
    kernel_size: 3
    weight_filler {
      type: "xavier"
    }
    bias_filler {
      type: "constant"
      value: 0
    }
  }
}
layer {
  name: "elu1"
  type: "ELU"
  bottom: "conv1"
  top: "conv1"
}
layer {
  name: "conv2"
  type: "Convolution"
  bottom: "conv1"
  top: "conv2"
  param {
    lr_mult: 1
    decay_mult: 1
  }
  param {
    lr_mult: 2
    decay_mult: 0
  }
  convolution_param {
    num_output: 96
    kernel_size: 3
    weight_filler {
      type: "xavier"
    }
    bias_filler {
      type: "constant"
      value: 1
    }
  }
}
layer {
  name: "elu2"
  type: "ELU"
  bottom: "conv2"
  top: "conv2"
}
layer {
  name: "convpool1"
  type: "Convolution"
  bottom: "conv2"
  top: "convpool1"
  param {
    lr_mult: 1
    decay_mult: 1
  }
  param {
    lr_mult: 2
    decay_mult: 0
  }
  convolution_param {
    num_output: 96
    kernel_size: 3
    stride: 2
    weight_filler {
      type: "xavier"
    }
    bias_filler {
      type: "constant"
      value: 1
    }
  }
}
layer {
  name: "elupool1"
  type: "ELU"
  bottom: "convpool1"
  top: "convpool1"
}
layer {
  name: "norm1"
  type: "BatchNorm"
  bottom: "convpool1"
  top: "norm1"
  batch_norm_param {
    use_global_stats: false
  }
}
layer {
  name: "conv3"
  type: "Convolution"
  bottom: "norm1"
  top: "conv3"
  param {
    lr_mult: 1
    decay_mult: 1
  }
  param {
    lr_mult: 2
    decay_mult: 0
  }
  convolution_param {
    num_output: 192
    kernel_size: 3
    weight_filler {
      type: "xavier"
    }
    bias_filler {
      type: "constant"
      value: 0
    }
  }
}
layer {
  name: "elu3"
  type: "ReLU"
  bottom: "conv3"
  top: "conv3"
}
layer {
  name: "conv4"
  type: "Convolution"
  bottom: "conv3"
  top: "conv4"
  param {
    lr_mult: 1
    decay_mult: 1
  }
  param {
    lr_mult: 2
    decay_mult: 0
  }
  convolution_param {
    num_output: 192
    kernel_size: 3
    weight_filler {
      type: "xavier"
    }
    bias_filler {
      type: "constant"
      value: 1
    }
  }
}
layer {
  name: "elu4"
  type: "ELU"
  bottom: "conv4"
  top: "conv4"
}
layer {
  name: "convpool2"
  type: "Convolution"
  bottom: "conv4"
  top: "convpool2"
  param {
    lr_mult: 1
    decay_mult: 1
  }
  param {
    lr_mult: 2
    decay_mult: 0
  }
  convolution_param {
    num_output: 192
    kernel_size: 3
    stride: 2
    weight_filler {
      type: "xavier"
    }
    bias_filler {
      type: "constant"
      value: 1
    }
  }
}
layer {
  name: "elupool2"
  type: "ELU"
  bottom: "convpool2"
  top: "convpool2"
}
layer {
  name: "norm2"
  type: "BatchNorm"
  bottom: "convpool2"
  top: "norm2"
  batch_norm_param {
    use_global_stats: false
  }
}
layer {
  name: "conv5"
  type: "Convolution"
  bottom: "norm2"
  top: "conv5"
  param {
    lr_mult: 1
    decay_mult: 1
  }
  param {
    lr_mult: 2
    decay_mult: 0
  }
  convolution_param {
    num_output: 256
    kernel_size: 3
    weight_filler {
      type: "xavier"
    }
    bias_filler {
      type: "constant"
      value: 1
    }
  }
}
layer {
  name: "elu5"
  type: "ELU"
  bottom: "conv5"
  top: "conv5"
}
layer {
  name: "conv6"
  type: "Convolution"
  bottom: "conv5"
  top: "conv6"
  param {
    lr_mult: 1
    decay_mult: 1
  }
  param {
    lr_mult: 2
    decay_mult: 0
  }
  convolution_param {
    num_output: 256
    kernel_size: 3
    weight_filler {
      type: "xavier"
    }
    bias_filler {
      type: "constant"
      value: 1
    }
  }
}
layer {
  name: "elu6"
  type: "ELU"
  bottom: "conv6"
  top: "conv6"
}
layer {
  name: "convpool3"
  type: "Convolution"
  bottom: "conv6"
  top: "convpool3"
  param {
    lr_mult: 1
    decay_mult: 1
  }
  param {
    lr_mult: 2
    decay_mult: 0
  }
  convolution_param {
    num_output: 256
    kernel_size: 3
    stride: 2
    weight_filler {
      type: "xavier"
    }
    bias_filler {
      type: "constant"
      value: 1
    }
  }
}
layer {
  name: "elupool3"
  type: "ELU"
  bottom: "convpool3"
  top: "convpool3"
}
layer {
  name: "norm3"
  type: "BatchNorm"
  bottom: "convpool3"
  top: "norm3"
  batch_norm_param {
    use_global_stats: false
  }
}
layer {
  name: "conv7"
  type: "Convolution"
  bottom: "norm3"
  top: "conv7"
  param {
    lr_mult: 1
    decay_mult: 1
  }
  param {
    lr_mult: 2
    decay_mult: 0
  }
  convolution_param {
    num_output: 384
    kernel_size: 3
    weight_filler {
      type: "xavier"
    }
    bias_filler {
      type: "constant"
      value: 1
    }
  }
}
layer {
  name: "elu7"
  type: "ELU"
  bottom: "conv7"
  top: "conv7"
}
layer {
  name: "conv8"
  type: "Convolution"
  bottom: "conv7"
  top: "conv8"
  param {
    lr_mult: 1
    decay_mult: 1
  }
  param {
    lr_mult: 2
    decay_mult: 0
  }
  convolution_param {
    num_output: 384
    kernel_size: 3
    weight_filler {
      type: "xavier"
    }
    bias_filler {
      type: "constant"
      value: 1
    }
  }
}
layer {
  name: "elu8"
  type: "ELU"
  bottom: "conv8"
  top: "conv8"
}
layer {
  name: "convpool4"
  type: "Convolution"
  bottom: "conv8"
  top: "convpool4"
  param {
    lr_mult: 1
    decay_mult: 1
  }
  param {
    lr_mult: 2
    decay_mult: 0
  }
  convolution_param {
    num_output: 384
    kernel_size: 3
    stride: 2
    weight_filler {
      type: "xavier"
    }
    bias_filler {
      type: "constant"
      value: 1
    }
  }
}
layer {
  name: "elupool4"
  type: "ELU"
  bottom: "convpool4"
  top: "convpool4"
}
layer {
  name: "norm4"
  type: "BatchNorm"
  bottom: "convpool4"
  top: "norm4"
  batch_norm_param {
    use_global_stats: false
  }
}
layer {
  name: "conv9"
  type: "Convolution"
  bottom: "norm4"
  top: "conv9"
  param {
    lr_mult: 1
    decay_mult: 1
  }
  param {
    lr_mult: 2
    decay_mult: 0
  }
  convolution_param {
    num_output: 1024
    kernel_size: 3
    weight_filler {
      type: "xavier"
    }
    bias_filler {
      type: "constant"
      value: 1
    }
  }
}
layer {
  name: "elu9"
  type: "ELU"
  bottom: "conv9"
  top: "conv9"
}
layer {
  name: "conv10"
  type: "Convolution"
  bottom: "conv9"
  top: "conv10"
  param {
    lr_mult: 1
    decay_mult: 1
  }
  param {
    lr_mult: 2
    decay_mult: 0
  }
  convolution_param {
    num_output: 1024
    kernel_size: 1
    weight_filler {
      type: "xavier"
    }
    bias_filler {
      type: "constant"
      value: 1
    }
  }
}
layer {
  name: "elu10"
  type: "ELU"
  bottom: "conv10"
  top: "conv10"
}
layer {
  name: "conv11"
  type: "Convolution"
  bottom: "conv10"
  top: "conv11"
  param {
    lr_mult: 1
    decay_mult: 1
  }
  param {
    lr_mult: 2
    decay_mult: 0
  }
  convolution_param {
    num_output: 1000
    kernel_size: 1
    weight_filler {
      type: "xavier"
    }
    bias_filler {
      type: "constant"
      value: 1
    }
  }
}
layer {
  name: "elu11"
  type: "ELU"
  bottom: "conv11"
  top: "conv11"
}
layer {
  name: "pool"
  type: "Pooling"
  bottom: "conv11"
  top: "pool"
  pooling_param {
    pool: AVE
    global_pooling: true
  }
}
layer {
  name: "accuracy"
  type: "Accuracy"
  bottom: "pool"
  bottom: "label"
  top: "accuracy"
}
layer {
  name: "loss"
  type: "SoftmaxWithLoss"
  bottom: "pool"
  bottom: "label"
  top: "loss"
}
I1025 17:52:50.964682  2609 layer_factory.hpp:77] Creating layer data
I1025 17:52:50.965865  2609 net.cpp:100] Creating Layer data
I1025 17:52:50.965878  2609 net.cpp:408] data -> data
I1025 17:52:50.965898  2609 net.cpp:408] data -> label
I1025 17:52:50.965911  2609 data_transformer.cpp:25] Loading mean file from: imagenet_mean.binaryproto
I1025 17:52:51.051659  2615 db_lmdb.cpp:35] Opened lmdb ../../data/imagenet/ilsvrc12_train_lmdb
I1025 17:52:51.267061  2609 data_layer.cpp:41] output data size: 10,3,227,227
I1025 17:52:51.272670  2609 net.cpp:150] Setting up data
I1025 17:52:51.272732  2609 net.cpp:157] Top shape: 10 3 227 227 (1545870)
I1025 17:52:51.272737  2609 net.cpp:157] Top shape: 10 (10)
I1025 17:52:51.272740  2609 net.cpp:165] Memory required for data: 6183520
I1025 17:52:51.272750  2609 layer_factory.hpp:77] Creating layer label_data_1_split
I1025 17:52:51.272763  2609 net.cpp:100] Creating Layer label_data_1_split
I1025 17:52:51.272769  2609 net.cpp:434] label_data_1_split <- label
I1025 17:52:51.272783  2609 net.cpp:408] label_data_1_split -> label_data_1_split_0
I1025 17:52:51.272792  2609 net.cpp:408] label_data_1_split -> label_data_1_split_1
I1025 17:52:51.272882  2609 net.cpp:150] Setting up label_data_1_split
I1025 17:52:51.272893  2609 net.cpp:157] Top shape: 10 (10)
I1025 17:52:51.272897  2609 net.cpp:157] Top shape: 10 (10)
I1025 17:52:51.272900  2609 net.cpp:165] Memory required for data: 6183600
I1025 17:52:51.272903  2609 layer_factory.hpp:77] Creating layer conv1
I1025 17:52:51.272919  2609 net.cpp:100] Creating Layer conv1
I1025 17:52:51.272923  2609 net.cpp:434] conv1 <- data
I1025 17:52:51.272928  2609 net.cpp:408] conv1 -> conv1
I1025 17:52:52.318995  2609 net.cpp:150] Setting up conv1
I1025 17:52:52.319022  2609 net.cpp:157] Top shape: 10 96 225 225 (48600000)
I1025 17:52:52.319025  2609 net.cpp:165] Memory required for data: 200583600
I1025 17:52:52.319046  2609 layer_factory.hpp:77] Creating layer elu1
I1025 17:52:52.319057  2609 net.cpp:100] Creating Layer elu1
I1025 17:52:52.319061  2609 net.cpp:434] elu1 <- conv1
I1025 17:52:52.319067  2609 net.cpp:395] elu1 -> conv1 (in-place)
I1025 17:52:52.319078  2609 net.cpp:150] Setting up elu1
I1025 17:52:52.319082  2609 net.cpp:157] Top shape: 10 96 225 225 (48600000)
I1025 17:52:52.319087  2609 net.cpp:165] Memory required for data: 394983600
I1025 17:52:52.319090  2609 layer_factory.hpp:77] Creating layer conv2
I1025 17:52:52.319102  2609 net.cpp:100] Creating Layer conv2
I1025 17:52:52.319104  2609 net.cpp:434] conv2 <- conv1
I1025 17:52:52.319110  2609 net.cpp:408] conv2 -> conv2
I1025 17:52:52.324074  2609 net.cpp:150] Setting up conv2
I1025 17:52:52.324084  2609 net.cpp:157] Top shape: 10 96 223 223 (47739840)
I1025 17:52:52.324086  2609 net.cpp:165] Memory required for data: 585942960
I1025 17:52:52.324095  2609 layer_factory.hpp:77] Creating layer elu2
I1025 17:52:52.324101  2609 net.cpp:100] Creating Layer elu2
I1025 17:52:52.324105  2609 net.cpp:434] elu2 <- conv2
I1025 17:52:52.324110  2609 net.cpp:395] elu2 -> conv2 (in-place)
I1025 17:52:52.324116  2609 net.cpp:150] Setting up elu2
I1025 17:52:52.324120  2609 net.cpp:157] Top shape: 10 96 223 223 (47739840)
I1025 17:52:52.324123  2609 net.cpp:165] Memory required for data: 776902320
I1025 17:52:52.324126  2609 layer_factory.hpp:77] Creating layer convpool1
I1025 17:52:52.324134  2609 net.cpp:100] Creating Layer convpool1
I1025 17:52:52.324137  2609 net.cpp:434] convpool1 <- conv2
I1025 17:52:52.324142  2609 net.cpp:408] convpool1 -> convpool1
I1025 17:52:52.325345  2609 net.cpp:150] Setting up convpool1
I1025 17:52:52.325353  2609 net.cpp:157] Top shape: 10 96 111 111 (11828160)
I1025 17:52:52.325356  2609 net.cpp:165] Memory required for data: 824214960
I1025 17:52:52.325364  2609 layer_factory.hpp:77] Creating layer elupool1
I1025 17:52:52.325371  2609 net.cpp:100] Creating Layer elupool1
I1025 17:52:52.325374  2609 net.cpp:434] elupool1 <- convpool1
I1025 17:52:52.325379  2609 net.cpp:395] elupool1 -> convpool1 (in-place)
I1025 17:52:52.325386  2609 net.cpp:150] Setting up elupool1
I1025 17:52:52.325389  2609 net.cpp:157] Top shape: 10 96 111 111 (11828160)
I1025 17:52:52.325393  2609 net.cpp:165] Memory required for data: 871527600
I1025 17:52:52.325397  2609 layer_factory.hpp:77] Creating layer norm1
I1025 17:52:52.325403  2609 net.cpp:100] Creating Layer norm1
I1025 17:52:52.325407  2609 net.cpp:434] norm1 <- convpool1
I1025 17:52:52.325410  2609 net.cpp:408] norm1 -> norm1
I1025 17:52:52.325544  2609 net.cpp:150] Setting up norm1
I1025 17:52:52.325551  2609 net.cpp:157] Top shape: 10 96 111 111 (11828160)
I1025 17:52:52.325552  2609 net.cpp:165] Memory required for data: 918840240
I1025 17:52:52.325562  2609 layer_factory.hpp:77] Creating layer conv3
I1025 17:52:52.325569  2609 net.cpp:100] Creating Layer conv3
I1025 17:52:52.325572  2609 net.cpp:434] conv3 <- norm1
I1025 17:52:52.325577  2609 net.cpp:408] conv3 -> conv3
I1025 17:52:52.326989  2609 net.cpp:150] Setting up conv3
I1025 17:52:52.326998  2609 net.cpp:157] Top shape: 10 192 109 109 (22811520)
I1025 17:52:52.327002  2609 net.cpp:165] Memory required for data: 1010086320
I1025 17:52:52.327008  2609 layer_factory.hpp:77] Creating layer elu3
I1025 17:52:52.327014  2609 net.cpp:100] Creating Layer elu3
I1025 17:52:52.327018  2609 net.cpp:434] elu3 <- conv3
I1025 17:52:52.327023  2609 net.cpp:395] elu3 -> conv3 (in-place)
I1025 17:52:52.327206  2609 net.cpp:150] Setting up elu3
I1025 17:52:52.327214  2609 net.cpp:157] Top shape: 10 192 109 109 (22811520)
I1025 17:52:52.327217  2609 net.cpp:165] Memory required for data: 1101332400
I1025 17:52:52.327220  2609 layer_factory.hpp:77] Creating layer conv4
I1025 17:52:52.327227  2609 net.cpp:100] Creating Layer conv4
I1025 17:52:52.327231  2609 net.cpp:434] conv4 <- conv3
I1025 17:52:52.327236  2609 net.cpp:408] conv4 -> conv4
I1025 17:52:52.329210  2609 net.cpp:150] Setting up conv4
I1025 17:52:52.329221  2609 net.cpp:157] Top shape: 10 192 107 107 (21982080)
I1025 17:52:52.329223  2609 net.cpp:165] Memory required for data: 1189260720
I1025 17:52:52.329229  2609 layer_factory.hpp:77] Creating layer elu4
I1025 17:52:52.329236  2609 net.cpp:100] Creating Layer elu4
I1025 17:52:52.329238  2609 net.cpp:434] elu4 <- conv4
I1025 17:52:52.329243  2609 net.cpp:395] elu4 -> conv4 (in-place)
I1025 17:52:52.329249  2609 net.cpp:150] Setting up elu4
I1025 17:52:52.329254  2609 net.cpp:157] Top shape: 10 192 107 107 (21982080)
I1025 17:52:52.329257  2609 net.cpp:165] Memory required for data: 1277189040
I1025 17:52:52.329260  2609 layer_factory.hpp:77] Creating layer convpool2
I1025 17:52:52.329268  2609 net.cpp:100] Creating Layer convpool2
I1025 17:52:52.329272  2609 net.cpp:434] convpool2 <- conv4
I1025 17:52:52.329277  2609 net.cpp:408] convpool2 -> convpool2
I1025 17:52:52.331534  2609 net.cpp:150] Setting up convpool2
I1025 17:52:52.331549  2609 net.cpp:157] Top shape: 10 192 53 53 (5393280)
I1025 17:52:52.331552  2609 net.cpp:165] Memory required for data: 1298762160
I1025 17:52:52.331560  2609 layer_factory.hpp:77] Creating layer elupool2
I1025 17:52:52.331568  2609 net.cpp:100] Creating Layer elupool2
I1025 17:52:52.331573  2609 net.cpp:434] elupool2 <- convpool2
I1025 17:52:52.331578  2609 net.cpp:395] elupool2 -> convpool2 (in-place)
I1025 17:52:52.331585  2609 net.cpp:150] Setting up elupool2
I1025 17:52:52.331590  2609 net.cpp:157] Top shape: 10 192 53 53 (5393280)
I1025 17:52:52.331593  2609 net.cpp:165] Memory required for data: 1320335280
I1025 17:52:52.331596  2609 layer_factory.hpp:77] Creating layer norm2
I1025 17:52:52.331603  2609 net.cpp:100] Creating Layer norm2
I1025 17:52:52.331614  2609 net.cpp:434] norm2 <- convpool2
I1025 17:52:52.331619  2609 net.cpp:408] norm2 -> norm2
I1025 17:52:52.331754  2609 net.cpp:150] Setting up norm2
I1025 17:52:52.331760  2609 net.cpp:157] Top shape: 10 192 53 53 (5393280)
I1025 17:52:52.331764  2609 net.cpp:165] Memory required for data: 1341908400
I1025 17:52:52.331774  2609 layer_factory.hpp:77] Creating layer conv5
I1025 17:52:52.331784  2609 net.cpp:100] Creating Layer conv5
I1025 17:52:52.331787  2609 net.cpp:434] conv5 <- norm2
I1025 17:52:52.331794  2609 net.cpp:408] conv5 -> conv5
I1025 17:52:52.334964  2609 net.cpp:150] Setting up conv5
I1025 17:52:52.334975  2609 net.cpp:157] Top shape: 10 256 51 51 (6658560)
I1025 17:52:52.334977  2609 net.cpp:165] Memory required for data: 1368542640
I1025 17:52:52.334985  2609 layer_factory.hpp:77] Creating layer elu5
I1025 17:52:52.334990  2609 net.cpp:100] Creating Layer elu5
I1025 17:52:52.334995  2609 net.cpp:434] elu5 <- conv5
I1025 17:52:52.334998  2609 net.cpp:395] elu5 -> conv5 (in-place)
I1025 17:52:52.335005  2609 net.cpp:150] Setting up elu5
I1025 17:52:52.335010  2609 net.cpp:157] Top shape: 10 256 51 51 (6658560)
I1025 17:52:52.335013  2609 net.cpp:165] Memory required for data: 1395176880
I1025 17:52:52.335016  2609 layer_factory.hpp:77] Creating layer conv6
I1025 17:52:52.335023  2609 net.cpp:100] Creating Layer conv6
I1025 17:52:52.335026  2609 net.cpp:434] conv6 <- conv5
I1025 17:52:52.335033  2609 net.cpp:408] conv6 -> conv6
I1025 17:52:52.338282  2609 net.cpp:150] Setting up conv6
I1025 17:52:52.338292  2609 net.cpp:157] Top shape: 10 256 49 49 (6146560)
I1025 17:52:52.338295  2609 net.cpp:165] Memory required for data: 1419763120
I1025 17:52:52.338300  2609 layer_factory.hpp:77] Creating layer elu6
I1025 17:52:52.338306  2609 net.cpp:100] Creating Layer elu6
I1025 17:52:52.338311  2609 net.cpp:434] elu6 <- conv6
I1025 17:52:52.338317  2609 net.cpp:395] elu6 -> conv6 (in-place)
I1025 17:52:52.338323  2609 net.cpp:150] Setting up elu6
I1025 17:52:52.338328  2609 net.cpp:157] Top shape: 10 256 49 49 (6146560)
I1025 17:52:52.338332  2609 net.cpp:165] Memory required for data: 1444349360
I1025 17:52:52.338335  2609 layer_factory.hpp:77] Creating layer convpool3
I1025 17:52:52.338342  2609 net.cpp:100] Creating Layer convpool3
I1025 17:52:52.338346  2609 net.cpp:434] convpool3 <- conv6
I1025 17:52:52.338351  2609 net.cpp:408] convpool3 -> convpool3
I1025 17:52:52.341897  2609 net.cpp:150] Setting up convpool3
I1025 17:52:52.341909  2609 net.cpp:157] Top shape: 10 256 24 24 (1474560)
I1025 17:52:52.341913  2609 net.cpp:165] Memory required for data: 1450247600
I1025 17:52:52.341919  2609 layer_factory.hpp:77] Creating layer elupool3
I1025 17:52:52.341928  2609 net.cpp:100] Creating Layer elupool3
I1025 17:52:52.341930  2609 net.cpp:434] elupool3 <- convpool3
I1025 17:52:52.341935  2609 net.cpp:395] elupool3 -> convpool3 (in-place)
I1025 17:52:52.341948  2609 net.cpp:150] Setting up elupool3
I1025 17:52:52.341953  2609 net.cpp:157] Top shape: 10 256 24 24 (1474560)
I1025 17:52:52.341955  2609 net.cpp:165] Memory required for data: 1456145840
I1025 17:52:52.341958  2609 layer_factory.hpp:77] Creating layer norm3
I1025 17:52:52.341966  2609 net.cpp:100] Creating Layer norm3
I1025 17:52:52.341969  2609 net.cpp:434] norm3 <- convpool3
I1025 17:52:52.341974  2609 net.cpp:408] norm3 -> norm3
I1025 17:52:52.342111  2609 net.cpp:150] Setting up norm3
I1025 17:52:52.342118  2609 net.cpp:157] Top shape: 10 256 24 24 (1474560)
I1025 17:52:52.342120  2609 net.cpp:165] Memory required for data: 1462044080
I1025 17:52:52.342128  2609 layer_factory.hpp:77] Creating layer conv7
I1025 17:52:52.342135  2609 net.cpp:100] Creating Layer conv7
I1025 17:52:52.342139  2609 net.cpp:434] conv7 <- norm3
I1025 17:52:52.342144  2609 net.cpp:408] conv7 -> conv7
I1025 17:52:52.347038  2609 net.cpp:150] Setting up conv7
I1025 17:52:52.347056  2609 net.cpp:157] Top shape: 10 384 22 22 (1858560)
I1025 17:52:52.347060  2609 net.cpp:165] Memory required for data: 1469478320
I1025 17:52:52.347079  2609 layer_factory.hpp:77] Creating layer elu7
I1025 17:52:52.347086  2609 net.cpp:100] Creating Layer elu7
I1025 17:52:52.347090  2609 net.cpp:434] elu7 <- conv7
I1025 17:52:52.347095  2609 net.cpp:395] elu7 -> conv7 (in-place)
I1025 17:52:52.347103  2609 net.cpp:150] Setting up elu7
I1025 17:52:52.347107  2609 net.cpp:157] Top shape: 10 384 22 22 (1858560)
I1025 17:52:52.347111  2609 net.cpp:165] Memory required for data: 1476912560
I1025 17:52:52.347115  2609 layer_factory.hpp:77] Creating layer conv8
I1025 17:52:52.347124  2609 net.cpp:100] Creating Layer conv8
I1025 17:52:52.347127  2609 net.cpp:434] conv8 <- conv7
I1025 17:52:52.347132  2609 net.cpp:408] conv8 -> conv8
I1025 17:52:52.358840  2609 net.cpp:150] Setting up conv8
I1025 17:52:52.358866  2609 net.cpp:157] Top shape: 10 384 20 20 (1536000)
I1025 17:52:52.358870  2609 net.cpp:165] Memory required for data: 1483056560
I1025 17:52:52.358880  2609 layer_factory.hpp:77] Creating layer elu8
I1025 17:52:52.358889  2609 net.cpp:100] Creating Layer elu8
I1025 17:52:52.358894  2609 net.cpp:434] elu8 <- conv8
I1025 17:52:52.358902  2609 net.cpp:395] elu8 -> conv8 (in-place)
I1025 17:52:52.358911  2609 net.cpp:150] Setting up elu8
I1025 17:52:52.358917  2609 net.cpp:157] Top shape: 10 384 20 20 (1536000)
I1025 17:52:52.358921  2609 net.cpp:165] Memory required for data: 1489200560
I1025 17:52:52.358923  2609 layer_factory.hpp:77] Creating layer convpool4
I1025 17:52:52.358934  2609 net.cpp:100] Creating Layer convpool4
I1025 17:52:52.358938  2609 net.cpp:434] convpool4 <- conv8
I1025 17:52:52.358943  2609 net.cpp:408] convpool4 -> convpool4
I1025 17:52:52.370779  2609 net.cpp:150] Setting up convpool4
I1025 17:52:52.370801  2609 net.cpp:157] Top shape: 10 384 9 9 (311040)
I1025 17:52:52.370805  2609 net.cpp:165] Memory required for data: 1490444720
I1025 17:52:52.370820  2609 layer_factory.hpp:77] Creating layer elupool4
I1025 17:52:52.370828  2609 net.cpp:100] Creating Layer elupool4
I1025 17:52:52.370833  2609 net.cpp:434] elupool4 <- convpool4
I1025 17:52:52.370841  2609 net.cpp:395] elupool4 -> convpool4 (in-place)
I1025 17:52:52.370849  2609 net.cpp:150] Setting up elupool4
I1025 17:52:52.370854  2609 net.cpp:157] Top shape: 10 384 9 9 (311040)
I1025 17:52:52.370858  2609 net.cpp:165] Memory required for data: 1491688880
I1025 17:52:52.370862  2609 layer_factory.hpp:77] Creating layer norm4
I1025 17:52:52.370868  2609 net.cpp:100] Creating Layer norm4
I1025 17:52:52.370872  2609 net.cpp:434] norm4 <- convpool4
I1025 17:52:52.370877  2609 net.cpp:408] norm4 -> norm4
I1025 17:52:52.371085  2609 net.cpp:150] Setting up norm4
I1025 17:52:52.371093  2609 net.cpp:157] Top shape: 10 384 9 9 (311040)
I1025 17:52:52.371095  2609 net.cpp:165] Memory required for data: 1492933040
I1025 17:52:52.371101  2609 layer_factory.hpp:77] Creating layer conv9
I1025 17:52:52.371111  2609 net.cpp:100] Creating Layer conv9
I1025 17:52:52.371114  2609 net.cpp:434] conv9 <- norm4
I1025 17:52:52.371120  2609 net.cpp:408] conv9 -> conv9
I1025 17:52:52.401543  2609 net.cpp:150] Setting up conv9
I1025 17:52:52.401571  2609 net.cpp:157] Top shape: 10 1024 7 7 (501760)
I1025 17:52:52.401574  2609 net.cpp:165] Memory required for data: 1494940080
I1025 17:52:52.401584  2609 layer_factory.hpp:77] Creating layer elu9
I1025 17:52:52.401592  2609 net.cpp:100] Creating Layer elu9
I1025 17:52:52.401597  2609 net.cpp:434] elu9 <- conv9
I1025 17:52:52.401604  2609 net.cpp:395] elu9 -> conv9 (in-place)
I1025 17:52:52.401612  2609 net.cpp:150] Setting up elu9
I1025 17:52:52.401618  2609 net.cpp:157] Top shape: 10 1024 7 7 (501760)
I1025 17:52:52.401621  2609 net.cpp:165] Memory required for data: 1496947120
I1025 17:52:52.401624  2609 layer_factory.hpp:77] Creating layer conv10
I1025 17:52:52.401640  2609 net.cpp:100] Creating Layer conv10
I1025 17:52:52.401643  2609 net.cpp:434] conv10 <- conv9
I1025 17:52:52.401650  2609 net.cpp:408] conv10 -> conv10
I1025 17:52:52.411371  2609 net.cpp:150] Setting up conv10
I1025 17:52:52.411402  2609 net.cpp:157] Top shape: 10 1024 7 7 (501760)
I1025 17:52:52.411417  2609 net.cpp:165] Memory required for data: 1498954160
I1025 17:52:52.411428  2609 layer_factory.hpp:77] Creating layer elu10
I1025 17:52:52.411438  2609 net.cpp:100] Creating Layer elu10
I1025 17:52:52.411443  2609 net.cpp:434] elu10 <- conv10
I1025 17:52:52.411450  2609 net.cpp:395] elu10 -> conv10 (in-place)
I1025 17:52:52.411459  2609 net.cpp:150] Setting up elu10
I1025 17:52:52.411464  2609 net.cpp:157] Top shape: 10 1024 7 7 (501760)
I1025 17:52:52.411468  2609 net.cpp:165] Memory required for data: 1500961200
I1025 17:52:52.411471  2609 layer_factory.hpp:77] Creating layer conv11
I1025 17:52:52.411484  2609 net.cpp:100] Creating Layer conv11
I1025 17:52:52.411486  2609 net.cpp:434] conv11 <- conv10
I1025 17:52:52.411491  2609 net.cpp:408] conv11 -> conv11
I1025 17:52:52.420768  2609 net.cpp:150] Setting up conv11
I1025 17:52:52.420784  2609 net.cpp:157] Top shape: 10 1000 7 7 (490000)
I1025 17:52:52.420789  2609 net.cpp:165] Memory required for data: 1502921200
I1025 17:52:52.420795  2609 layer_factory.hpp:77] Creating layer elu11
I1025 17:52:52.420801  2609 net.cpp:100] Creating Layer elu11
I1025 17:52:52.420806  2609 net.cpp:434] elu11 <- conv11
I1025 17:52:52.420811  2609 net.cpp:395] elu11 -> conv11 (in-place)
I1025 17:52:52.420819  2609 net.cpp:150] Setting up elu11
I1025 17:52:52.420824  2609 net.cpp:157] Top shape: 10 1000 7 7 (490000)
I1025 17:52:52.420827  2609 net.cpp:165] Memory required for data: 1504881200
I1025 17:52:52.420830  2609 layer_factory.hpp:77] Creating layer pool
I1025 17:52:52.420836  2609 net.cpp:100] Creating Layer pool
I1025 17:52:52.420840  2609 net.cpp:434] pool <- conv11
I1025 17:52:52.420845  2609 net.cpp:408] pool -> pool
I1025 17:52:52.421136  2609 net.cpp:150] Setting up pool
I1025 17:52:52.421145  2609 net.cpp:157] Top shape: 10 1000 1 1 (10000)
I1025 17:52:52.421149  2609 net.cpp:165] Memory required for data: 1504921200
I1025 17:52:52.421154  2609 layer_factory.hpp:77] Creating layer pool_pool_0_split
I1025 17:52:52.421160  2609 net.cpp:100] Creating Layer pool_pool_0_split
I1025 17:52:52.421164  2609 net.cpp:434] pool_pool_0_split <- pool
I1025 17:52:52.421169  2609 net.cpp:408] pool_pool_0_split -> pool_pool_0_split_0
I1025 17:52:52.421177  2609 net.cpp:408] pool_pool_0_split -> pool_pool_0_split_1
I1025 17:52:52.421214  2609 net.cpp:150] Setting up pool_pool_0_split
I1025 17:52:52.421221  2609 net.cpp:157] Top shape: 10 1000 1 1 (10000)
I1025 17:52:52.421224  2609 net.cpp:157] Top shape: 10 1000 1 1 (10000)
I1025 17:52:52.421228  2609 net.cpp:165] Memory required for data: 1505001200
I1025 17:52:52.421232  2609 layer_factory.hpp:77] Creating layer accuracy
I1025 17:52:52.421238  2609 net.cpp:100] Creating Layer accuracy
I1025 17:52:52.421242  2609 net.cpp:434] accuracy <- pool_pool_0_split_0
I1025 17:52:52.421247  2609 net.cpp:434] accuracy <- label_data_1_split_0
I1025 17:52:52.421252  2609 net.cpp:408] accuracy -> accuracy
I1025 17:52:52.421260  2609 net.cpp:150] Setting up accuracy
I1025 17:52:52.421265  2609 net.cpp:157] Top shape: (1)
I1025 17:52:52.421269  2609 net.cpp:165] Memory required for data: 1505001204
I1025 17:52:52.421272  2609 layer_factory.hpp:77] Creating layer loss
I1025 17:52:52.421277  2609 net.cpp:100] Creating Layer loss
I1025 17:52:52.421280  2609 net.cpp:434] loss <- pool_pool_0_split_1
I1025 17:52:52.421285  2609 net.cpp:434] loss <- label_data_1_split_1
I1025 17:52:52.421290  2609 net.cpp:408] loss -> loss
I1025 17:52:52.421298  2609 layer_factory.hpp:77] Creating layer loss
I1025 17:52:52.421563  2609 net.cpp:150] Setting up loss
I1025 17:52:52.421571  2609 net.cpp:157] Top shape: (1)
I1025 17:52:52.421576  2609 net.cpp:160]     with loss weight 1
I1025 17:52:52.421597  2609 net.cpp:165] Memory required for data: 1505001208
I1025 17:52:52.421599  2609 net.cpp:226] loss needs backward computation.
I1025 17:52:52.421607  2609 net.cpp:228] accuracy does not need backward computation.
I1025 17:52:52.421612  2609 net.cpp:226] pool_pool_0_split needs backward computation.
I1025 17:52:52.421617  2609 net.cpp:226] pool needs backward computation.
I1025 17:52:52.421628  2609 net.cpp:226] elu11 needs backward computation.
I1025 17:52:52.421633  2609 net.cpp:226] conv11 needs backward computation.
I1025 17:52:52.421636  2609 net.cpp:226] elu10 needs backward computation.
I1025 17:52:52.421638  2609 net.cpp:226] conv10 needs backward computation.
I1025 17:52:52.421643  2609 net.cpp:226] elu9 needs backward computation.
I1025 17:52:52.421645  2609 net.cpp:226] conv9 needs backward computation.
I1025 17:52:52.421648  2609 net.cpp:226] norm4 needs backward computation.
I1025 17:52:52.421651  2609 net.cpp:226] elupool4 needs backward computation.
I1025 17:52:52.421655  2609 net.cpp:226] convpool4 needs backward computation.
I1025 17:52:52.421659  2609 net.cpp:226] elu8 needs backward computation.
I1025 17:52:52.421663  2609 net.cpp:226] conv8 needs backward computation.
I1025 17:52:52.421666  2609 net.cpp:226] elu7 needs backward computation.
I1025 17:52:52.421669  2609 net.cpp:226] conv7 needs backward computation.
I1025 17:52:52.421672  2609 net.cpp:226] norm3 needs backward computation.
I1025 17:52:52.421675  2609 net.cpp:226] elupool3 needs backward computation.
I1025 17:52:52.421679  2609 net.cpp:226] convpool3 needs backward computation.
I1025 17:52:52.421682  2609 net.cpp:226] elu6 needs backward computation.
I1025 17:52:52.421685  2609 net.cpp:226] conv6 needs backward computation.
I1025 17:52:52.421689  2609 net.cpp:226] elu5 needs backward computation.
I1025 17:52:52.421690  2609 net.cpp:226] conv5 needs backward computation.
I1025 17:52:52.421694  2609 net.cpp:226] norm2 needs backward computation.
I1025 17:52:52.421699  2609 net.cpp:226] elupool2 needs backward computation.
I1025 17:52:52.421700  2609 net.cpp:226] convpool2 needs backward computation.
I1025 17:52:52.421703  2609 net.cpp:226] elu4 needs backward computation.
I1025 17:52:52.421706  2609 net.cpp:226] conv4 needs backward computation.
I1025 17:52:52.421710  2609 net.cpp:226] elu3 needs backward computation.
I1025 17:52:52.421712  2609 net.cpp:226] conv3 needs backward computation.
I1025 17:52:52.421715  2609 net.cpp:226] norm1 needs backward computation.
I1025 17:52:52.421718  2609 net.cpp:226] elupool1 needs backward computation.
I1025 17:52:52.421722  2609 net.cpp:226] convpool1 needs backward computation.
I1025 17:52:52.421725  2609 net.cpp:226] elu2 needs backward computation.
I1025 17:52:52.421727  2609 net.cpp:226] conv2 needs backward computation.
I1025 17:52:52.421730  2609 net.cpp:226] elu1 needs backward computation.
I1025 17:52:52.421735  2609 net.cpp:226] conv1 needs backward computation.
I1025 17:52:52.421739  2609 net.cpp:228] label_data_1_split does not need backward computation.
I1025 17:52:52.421743  2609 net.cpp:228] data does not need backward computation.
I1025 17:52:52.421746  2609 net.cpp:270] This network produces output accuracy
I1025 17:52:52.421751  2609 net.cpp:270] This network produces output loss
I1025 17:52:52.421773  2609 net.cpp:283] Network initialization done.
I1025 17:52:52.422150  2609 upgrade_proto.cpp:77] Attempting to upgrade batch norm layers using deprecated params: train_val.prototxt
I1025 17:52:52.422158  2609 upgrade_proto.cpp:80] Successfully upgraded batch norm layers using deprecated params.
I1025 17:52:52.422164  2609 solver.cpp:181] Creating test net (#0) specified by net file: train_val.prototxt
I1025 17:52:52.422199  2609 net.cpp:322] The NetState phase (1) differed from the phase (0) specified by a rule in layer data
I1025 17:52:52.422428  2609 net.cpp:58] Initializing net from parameters: 
name: "CaffeNet"
state {
  phase: TEST
}
layer {
  name: "data"
  type: "Data"
  top: "data"
  top: "label"
  include {
    phase: TEST
  }
  transform_param {
    mirror: false
    crop_size: 227
    mean_file: "imagenet_mean.binaryproto"
  }
  data_param {
    source: "../../data/imagenet/ilsvrc12_val_lmdb"
    batch_size: 10
    backend: LMDB
  }
}
layer {
  name: "conv1"
  type: "Convolution"
  bottom: "data"
  top: "conv1"
  param {
    lr_mult: 1
    decay_mult: 1
  }
  param {
    lr_mult: 2
    decay_mult: 0
  }
  convolution_param {
    num_output: 96
    kernel_size: 3
    weight_filler {
      type: "xavier"
    }
    bias_filler {
      type: "constant"
      value: 0
    }
  }
}
layer {
  name: "elu1"
  type: "ELU"
  bottom: "conv1"
  top: "conv1"
}
layer {
  name: "conv2"
  type: "Convolution"
  bottom: "conv1"
  top: "conv2"
  param {
    lr_mult: 1
    decay_mult: 1
  }
  param {
    lr_mult: 2
    decay_mult: 0
  }
  convolution_param {
    num_output: 96
    kernel_size: 3
    weight_filler {
      type: "xavier"
    }
    bias_filler {
      type: "constant"
      value: 1
    }
  }
}
layer {
  name: "elu2"
  type: "ELU"
  bottom: "conv2"
  top: "conv2"
}
layer {
  name: "convpool1"
  type: "Convolution"
  bottom: "conv2"
  top: "convpool1"
  param {
    lr_mult: 1
    decay_mult: 1
  }
  param {
    lr_mult: 2
    decay_mult: 0
  }
  convolution_param {
    num_output: 96
    kernel_size: 3
    stride: 2
    weight_filler {
      type: "xavier"
    }
    bias_filler {
      type: "constant"
      value: 1
    }
  }
}
layer {
  name: "elupool1"
  type: "ELU"
  bottom: "convpool1"
  top: "convpool1"
}
layer {
  name: "norm1"
  type: "BatchNorm"
  bottom: "convpool1"
  top: "norm1"
  batch_norm_param {
    use_global_stats: false
  }
}
layer {
  name: "conv3"
  type: "Convolution"
  bottom: "norm1"
  top: "conv3"
  param {
    lr_mult: 1
    decay_mult: 1
  }
  param {
    lr_mult: 2
    decay_mult: 0
  }
  convolution_param {
    num_output: 192
    kernel_size: 3
    weight_filler {
      type: "xavier"
    }
    bias_filler {
      type: "constant"
      value: 0
    }
  }
}
layer {
  name: "elu3"
  type: "ReLU"
  bottom: "conv3"
  top: "conv3"
}
layer {
  name: "conv4"
  type: "Convolution"
  bottom: "conv3"
  top: "conv4"
  param {
    lr_mult: 1
    decay_mult: 1
  }
  param {
    lr_mult: 2
    decay_mult: 0
  }
  convolution_param {
    num_output: 192
    kernel_size: 3
    weight_filler {
      type: "xavier"
    }
    bias_filler {
      type: "constant"
      value: 1
    }
  }
}
layer {
  name: "elu4"
  type: "ELU"
  bottom: "conv4"
  top: "conv4"
}
layer {
  name: "convpool2"
  type: "Convolution"
  bottom: "conv4"
  top: "convpool2"
  param {
    lr_mult: 1
    decay_mult: 1
  }
  param {
    lr_mult: 2
    decay_mult: 0
  }
  convolution_param {
    num_output: 192
    kernel_size: 3
    stride: 2
    weight_filler {
      type: "xavier"
    }
    bias_filler {
      type: "constant"
      value: 1
    }
  }
}
layer {
  name: "elupool2"
  type: "ELU"
  bottom: "convpool2"
  top: "convpool2"
}
layer {
  name: "norm2"
  type: "BatchNorm"
  bottom: "convpool2"
  top: "norm2"
  batch_norm_param {
    use_global_stats: false
  }
}
layer {
  name: "conv5"
  type: "Convolution"
  bottom: "norm2"
  top: "conv5"
  param {
    lr_mult: 1
    decay_mult: 1
  }
  param {
    lr_mult: 2
    decay_mult: 0
  }
  convolution_param {
    num_output: 256
    kernel_size: 3
    weight_filler {
      type: "xavier"
    }
    bias_filler {
      type: "constant"
      value: 1
    }
  }
}
layer {
  name: "elu5"
  type: "ELU"
  bottom: "conv5"
  top: "conv5"
}
layer {
  name: "conv6"
  type: "Convolution"
  bottom: "conv5"
  top: "conv6"
  param {
    lr_mult: 1
    decay_mult: 1
  }
  param {
    lr_mult: 2
    decay_mult: 0
  }
  convolution_param {
    num_output: 256
    kernel_size: 3
    weight_filler {
      type: "xavier"
    }
    bias_filler {
      type: "constant"
      value: 1
    }
  }
}
layer {
  name: "elu6"
  type: "ELU"
  bottom: "conv6"
  top: "conv6"
}
layer {
  name: "convpool3"
  type: "Convolution"
  bottom: "conv6"
  top: "convpool3"
  param {
    lr_mult: 1
    decay_mult: 1
  }
  param {
    lr_mult: 2
    decay_mult: 0
  }
  convolution_param {
    num_output: 256
    kernel_size: 3
    stride: 2
    weight_filler {
      type: "xavier"
    }
    bias_filler {
      type: "constant"
      value: 1
    }
  }
}
layer {
  name: "elupool3"
  type: "ELU"
  bottom: "convpool3"
  top: "convpool3"
}
layer {
  name: "norm3"
  type: "BatchNorm"
  bottom: "convpool3"
  top: "norm3"
  batch_norm_param {
    use_global_stats: false
  }
}
layer {
  name: "conv7"
  type: "Convolution"
  bottom: "norm3"
  top: "conv7"
  param {
    lr_mult: 1
    decay_mult: 1
  }
  param {
    lr_mult: 2
    decay_mult: 0
  }
  convolution_param {
    num_output: 384
    kernel_size: 3
    weight_filler {
      type: "xavier"
    }
    bias_filler {
      type: "constant"
      value: 1
    }
  }
}
layer {
  name: "elu7"
  type: "ELU"
  bottom: "conv7"
  top: "conv7"
}
layer {
  name: "conv8"
  type: "Convolution"
  bottom: "conv7"
  top: "conv8"
  param {
    lr_mult: 1
    decay_mult: 1
  }
  param {
    lr_mult: 2
    decay_mult: 0
  }
  convolution_param {
    num_output: 384
    kernel_size: 3
    weight_filler {
      type: "xavier"
    }
    bias_filler {
      type: "constant"
      value: 1
    }
  }
}
layer {
  name: "elu8"
  type: "ELU"
  bottom: "conv8"
  top: "conv8"
}
layer {
  name: "convpool4"
  type: "Convolution"
  bottom: "conv8"
  top: "convpool4"
  param {
    lr_mult: 1
    decay_mult: 1
  }
  param {
    lr_mult: 2
    decay_mult: 0
  }
  convolution_param {
    num_output: 384
    kernel_size: 3
    stride: 2
    weight_filler {
      type: "xavier"
    }
    bias_filler {
      type: "constant"
      value: 1
    }
  }
}
layer {
  name: "elupool4"
  type: "ELU"
  bottom: "convpool4"
  top: "convpool4"
}
layer {
  name: "norm4"
  type: "BatchNorm"
  bottom: "convpool4"
  top: "norm4"
  batch_norm_param {
    use_global_stats: false
  }
}
layer {
  name: "conv9"
  type: "Convolution"
  bottom: "norm4"
  top: "conv9"
  param {
    lr_mult: 1
    decay_mult: 1
  }
  param {
    lr_mult: 2
    decay_mult: 0
  }
  convolution_param {
    num_output: 1024
    kernel_size: 3
    weight_filler {
      type: "xavier"
    }
    bias_filler {
      type: "constant"
      value: 1
    }
  }
}
layer {
  name: "elu9"
  type: "ELU"
  bottom: "conv9"
  top: "conv9"
}
layer {
  name: "conv10"
  type: "Convolution"
  bottom: "conv9"
  top: "conv10"
  param {
    lr_mult: 1
    decay_mult: 1
  }
  param {
    lr_mult: 2
    decay_mult: 0
  }
  convolution_param {
    num_output: 1024
    kernel_size: 1
    weight_filler {
      type: "xavier"
    }
    bias_filler {
      type: "constant"
      value: 1
    }
  }
}
layer {
  name: "elu10"
  type: "ELU"
  bottom: "conv10"
  top: "conv10"
}
layer {
  name: "conv11"
  type: "Convolution"
  bottom: "conv10"
  top: "conv11"
  param {
    lr_mult: 1
    decay_mult: 1
  }
  param {
    lr_mult: 2
    decay_mult: 0
  }
  convolution_param {
    num_output: 1000
    kernel_size: 1
    weight_filler {
      type: "xavier"
    }
    bias_filler {
      type: "constant"
      value: 1
    }
  }
}
layer {
  name: "elu11"
  type: "ELU"
  bottom: "conv11"
  top: "conv11"
}
layer {
  name: "pool"
  type: "Pooling"
  bottom: "conv11"
  top: "pool"
  pooling_param {
    pool: AVE
    global_pooling: true
  }
}
layer {
  name: "accuracy"
  type: "Accuracy"
  bottom: "pool"
  bottom: "label"
  top: "accuracy"
}
layer {
  name: "loss"
  type: "SoftmaxWithLoss"
  bottom: "pool"
  bottom: "label"
  top: "loss"
}
I1025 17:52:52.422545  2609 layer_factory.hpp:77] Creating layer data
I1025 17:52:52.422601  2609 net.cpp:100] Creating Layer data
I1025 17:52:52.422607  2609 net.cpp:408] data -> data
I1025 17:52:52.422615  2609 net.cpp:408] data -> label
I1025 17:52:52.422621  2609 data_transformer.cpp:25] Loading mean file from: imagenet_mean.binaryproto
I1025 17:52:52.465185  2617 db_lmdb.cpp:35] Opened lmdb ../../data/imagenet/ilsvrc12_val_lmdb
I1025 17:52:52.483263  2609 data_layer.cpp:41] output data size: 10,3,227,227
I1025 17:52:52.490576  2609 net.cpp:150] Setting up data
I1025 17:52:52.490602  2609 net.cpp:157] Top shape: 10 3 227 227 (1545870)
I1025 17:52:52.490608  2609 net.cpp:157] Top shape: 10 (10)
I1025 17:52:52.490610  2609 net.cpp:165] Memory required for data: 6183520
I1025 17:52:52.490617  2609 layer_factory.hpp:77] Creating layer label_data_1_split
I1025 17:52:52.490628  2609 net.cpp:100] Creating Layer label_data_1_split
I1025 17:52:52.490633  2609 net.cpp:434] label_data_1_split <- label
I1025 17:52:52.490639  2609 net.cpp:408] label_data_1_split -> label_data_1_split_0
I1025 17:52:52.490660  2609 net.cpp:408] label_data_1_split -> label_data_1_split_1
I1025 17:52:52.490736  2609 net.cpp:150] Setting up label_data_1_split
I1025 17:52:52.490743  2609 net.cpp:157] Top shape: 10 (10)
I1025 17:52:52.490746  2609 net.cpp:157] Top shape: 10 (10)
I1025 17:52:52.490748  2609 net.cpp:165] Memory required for data: 6183600
I1025 17:52:52.490751  2609 layer_factory.hpp:77] Creating layer conv1
I1025 17:52:52.490761  2609 net.cpp:100] Creating Layer conv1
I1025 17:52:52.490764  2609 net.cpp:434] conv1 <- data
I1025 17:52:52.490768  2609 net.cpp:408] conv1 -> conv1
I1025 17:52:52.492440  2609 net.cpp:150] Setting up conv1
I1025 17:52:52.492451  2609 net.cpp:157] Top shape: 10 96 225 225 (48600000)
I1025 17:52:52.492455  2609 net.cpp:165] Memory required for data: 200583600
I1025 17:52:52.492465  2609 layer_factory.hpp:77] Creating layer elu1
I1025 17:52:52.492473  2609 net.cpp:100] Creating Layer elu1
I1025 17:52:52.492476  2609 net.cpp:434] elu1 <- conv1
I1025 17:52:52.492481  2609 net.cpp:395] elu1 -> conv1 (in-place)
I1025 17:52:52.492486  2609 net.cpp:150] Setting up elu1
I1025 17:52:52.492492  2609 net.cpp:157] Top shape: 10 96 225 225 (48600000)
I1025 17:52:52.492497  2609 net.cpp:165] Memory required for data: 394983600
I1025 17:52:52.492501  2609 layer_factory.hpp:77] Creating layer conv2
I1025 17:52:52.492507  2609 net.cpp:100] Creating Layer conv2
I1025 17:52:52.492511  2609 net.cpp:434] conv2 <- conv1
I1025 17:52:52.492516  2609 net.cpp:408] conv2 -> conv2
I1025 17:52:52.494209  2609 net.cpp:150] Setting up conv2
I1025 17:52:52.494217  2609 net.cpp:157] Top shape: 10 96 223 223 (47739840)
I1025 17:52:52.494221  2609 net.cpp:165] Memory required for data: 585942960
I1025 17:52:52.494230  2609 layer_factory.hpp:77] Creating layer elu2
I1025 17:52:52.494235  2609 net.cpp:100] Creating Layer elu2
I1025 17:52:52.494237  2609 net.cpp:434] elu2 <- conv2
I1025 17:52:52.494242  2609 net.cpp:395] elu2 -> conv2 (in-place)
I1025 17:52:52.494248  2609 net.cpp:150] Setting up elu2
I1025 17:52:52.494252  2609 net.cpp:157] Top shape: 10 96 223 223 (47739840)
I1025 17:52:52.494254  2609 net.cpp:165] Memory required for data: 776902320
I1025 17:52:52.494257  2609 layer_factory.hpp:77] Creating layer convpool1
I1025 17:52:52.494268  2609 net.cpp:100] Creating Layer convpool1
I1025 17:52:52.494271  2609 net.cpp:434] convpool1 <- conv2
I1025 17:52:52.494277  2609 net.cpp:408] convpool1 -> convpool1
I1025 17:52:52.496006  2609 net.cpp:150] Setting up convpool1
I1025 17:52:52.496016  2609 net.cpp:157] Top shape: 10 96 111 111 (11828160)
I1025 17:52:52.496021  2609 net.cpp:165] Memory required for data: 824214960
I1025 17:52:52.496028  2609 layer_factory.hpp:77] Creating layer elupool1
I1025 17:52:52.496033  2609 net.cpp:100] Creating Layer elupool1
I1025 17:52:52.496037  2609 net.cpp:434] elupool1 <- convpool1
I1025 17:52:52.496042  2609 net.cpp:395] elupool1 -> convpool1 (in-place)
I1025 17:52:52.496047  2609 net.cpp:150] Setting up elupool1
I1025 17:52:52.496050  2609 net.cpp:157] Top shape: 10 96 111 111 (11828160)
I1025 17:52:52.496053  2609 net.cpp:165] Memory required for data: 871527600
I1025 17:52:52.496057  2609 layer_factory.hpp:77] Creating layer norm1
I1025 17:52:52.496063  2609 net.cpp:100] Creating Layer norm1
I1025 17:52:52.496068  2609 net.cpp:434] norm1 <- convpool1
I1025 17:52:52.496073  2609 net.cpp:408] norm1 -> norm1
I1025 17:52:52.496145  2618 blocking_queue.cpp:50] Waiting for data
I1025 17:52:52.496297  2609 net.cpp:150] Setting up norm1
I1025 17:52:52.496304  2609 net.cpp:157] Top shape: 10 96 111 111 (11828160)
I1025 17:52:52.496307  2609 net.cpp:165] Memory required for data: 918840240
I1025 17:52:52.496315  2609 layer_factory.hpp:77] Creating layer conv3
I1025 17:52:52.496322  2609 net.cpp:100] Creating Layer conv3
I1025 17:52:52.496325  2609 net.cpp:434] conv3 <- norm1
I1025 17:52:52.496331  2609 net.cpp:408] conv3 -> conv3
I1025 17:52:52.498862  2609 net.cpp:150] Setting up conv3
I1025 17:52:52.498872  2609 net.cpp:157] Top shape: 10 192 109 109 (22811520)
I1025 17:52:52.498885  2609 net.cpp:165] Memory required for data: 1010086320
I1025 17:52:52.498893  2609 layer_factory.hpp:77] Creating layer elu3
I1025 17:52:52.498898  2609 net.cpp:100] Creating Layer elu3
I1025 17:52:52.498901  2609 net.cpp:434] elu3 <- conv3
I1025 17:52:52.498906  2609 net.cpp:395] elu3 -> conv3 (in-place)
I1025 17:52:52.499063  2609 net.cpp:150] Setting up elu3
I1025 17:52:52.499070  2609 net.cpp:157] Top shape: 10 192 109 109 (22811520)
I1025 17:52:52.499073  2609 net.cpp:165] Memory required for data: 1101332400
I1025 17:52:52.499075  2609 layer_factory.hpp:77] Creating layer conv4
I1025 17:52:52.499083  2609 net.cpp:100] Creating Layer conv4
I1025 17:52:52.499085  2609 net.cpp:434] conv4 <- conv3
I1025 17:52:52.499090  2609 net.cpp:408] conv4 -> conv4
I1025 17:52:52.502830  2609 net.cpp:150] Setting up conv4
I1025 17:52:52.502843  2609 net.cpp:157] Top shape: 10 192 107 107 (21982080)
I1025 17:52:52.502847  2609 net.cpp:165] Memory required for data: 1189260720
I1025 17:52:52.502853  2609 layer_factory.hpp:77] Creating layer elu4
I1025 17:52:52.502859  2609 net.cpp:100] Creating Layer elu4
I1025 17:52:52.502863  2609 net.cpp:434] elu4 <- conv4
I1025 17:52:52.502868  2609 net.cpp:395] elu4 -> conv4 (in-place)
I1025 17:52:52.502874  2609 net.cpp:150] Setting up elu4
I1025 17:52:52.502878  2609 net.cpp:157] Top shape: 10 192 107 107 (21982080)
I1025 17:52:52.502882  2609 net.cpp:165] Memory required for data: 1277189040
I1025 17:52:52.502884  2609 layer_factory.hpp:77] Creating layer convpool2
I1025 17:52:52.502892  2609 net.cpp:100] Creating Layer convpool2
I1025 17:52:52.502895  2609 net.cpp:434] convpool2 <- conv4
I1025 17:52:52.502902  2609 net.cpp:408] convpool2 -> convpool2
I1025 17:52:52.506837  2609 net.cpp:150] Setting up convpool2
I1025 17:52:52.506857  2609 net.cpp:157] Top shape: 10 192 53 53 (5393280)
I1025 17:52:52.506861  2609 net.cpp:165] Memory required for data: 1298762160
I1025 17:52:52.506870  2609 layer_factory.hpp:77] Creating layer elupool2
I1025 17:52:52.506876  2609 net.cpp:100] Creating Layer elupool2
I1025 17:52:52.506880  2609 net.cpp:434] elupool2 <- convpool2
I1025 17:52:52.506886  2609 net.cpp:395] elupool2 -> convpool2 (in-place)
I1025 17:52:52.506894  2609 net.cpp:150] Setting up elupool2
I1025 17:52:52.506897  2609 net.cpp:157] Top shape: 10 192 53 53 (5393280)
I1025 17:52:52.506901  2609 net.cpp:165] Memory required for data: 1320335280
I1025 17:52:52.506902  2609 layer_factory.hpp:77] Creating layer norm2
I1025 17:52:52.506908  2609 net.cpp:100] Creating Layer norm2
I1025 17:52:52.506912  2609 net.cpp:434] norm2 <- convpool2
I1025 17:52:52.506916  2609 net.cpp:408] norm2 -> norm2
I1025 17:52:52.507148  2609 net.cpp:150] Setting up norm2
I1025 17:52:52.507154  2609 net.cpp:157] Top shape: 10 192 53 53 (5393280)
I1025 17:52:52.507158  2609 net.cpp:165] Memory required for data: 1341908400
I1025 17:52:52.507169  2609 layer_factory.hpp:77] Creating layer conv5
I1025 17:52:52.507179  2609 net.cpp:100] Creating Layer conv5
I1025 17:52:52.507184  2609 net.cpp:434] conv5 <- norm2
I1025 17:52:52.507189  2609 net.cpp:408] conv5 -> conv5
I1025 17:52:52.511862  2609 net.cpp:150] Setting up conv5
I1025 17:52:52.511875  2609 net.cpp:157] Top shape: 10 256 51 51 (6658560)
I1025 17:52:52.511879  2609 net.cpp:165] Memory required for data: 1368542640
I1025 17:52:52.511885  2609 layer_factory.hpp:77] Creating layer elu5
I1025 17:52:52.511893  2609 net.cpp:100] Creating Layer elu5
I1025 17:52:52.511895  2609 net.cpp:434] elu5 <- conv5
I1025 17:52:52.511900  2609 net.cpp:395] elu5 -> conv5 (in-place)
I1025 17:52:52.511906  2609 net.cpp:150] Setting up elu5
I1025 17:52:52.511910  2609 net.cpp:157] Top shape: 10 256 51 51 (6658560)
I1025 17:52:52.511912  2609 net.cpp:165] Memory required for data: 1395176880
I1025 17:52:52.511916  2609 layer_factory.hpp:77] Creating layer conv6
I1025 17:52:52.511924  2609 net.cpp:100] Creating Layer conv6
I1025 17:52:52.511929  2609 net.cpp:434] conv6 <- conv5
I1025 17:52:52.511932  2609 net.cpp:408] conv6 -> conv6
I1025 17:52:52.517771  2609 net.cpp:150] Setting up conv6
I1025 17:52:52.517797  2609 net.cpp:157] Top shape: 10 256 49 49 (6146560)
I1025 17:52:52.517801  2609 net.cpp:165] Memory required for data: 1419763120
I1025 17:52:52.517807  2609 layer_factory.hpp:77] Creating layer elu6
I1025 17:52:52.517814  2609 net.cpp:100] Creating Layer elu6
I1025 17:52:52.517817  2609 net.cpp:434] elu6 <- conv6
I1025 17:52:52.517822  2609 net.cpp:395] elu6 -> conv6 (in-place)
I1025 17:52:52.517829  2609 net.cpp:150] Setting up elu6
I1025 17:52:52.517833  2609 net.cpp:157] Top shape: 10 256 49 49 (6146560)
I1025 17:52:52.517837  2609 net.cpp:165] Memory required for data: 1444349360
I1025 17:52:52.517838  2609 layer_factory.hpp:77] Creating layer convpool3
I1025 17:52:52.517846  2609 net.cpp:100] Creating Layer convpool3
I1025 17:52:52.517850  2609 net.cpp:434] convpool3 <- conv6
I1025 17:52:52.517855  2609 net.cpp:408] convpool3 -> convpool3
I1025 17:52:52.523701  2609 net.cpp:150] Setting up convpool3
I1025 17:52:52.523717  2609 net.cpp:157] Top shape: 10 256 24 24 (1474560)
I1025 17:52:52.523721  2609 net.cpp:165] Memory required for data: 1450247600
I1025 17:52:52.523730  2609 layer_factory.hpp:77] Creating layer elupool3
I1025 17:52:52.523736  2609 net.cpp:100] Creating Layer elupool3
I1025 17:52:52.523739  2609 net.cpp:434] elupool3 <- convpool3
I1025 17:52:52.523744  2609 net.cpp:395] elupool3 -> convpool3 (in-place)
I1025 17:52:52.523751  2609 net.cpp:150] Setting up elupool3
I1025 17:52:52.523754  2609 net.cpp:157] Top shape: 10 256 24 24 (1474560)
I1025 17:52:52.523756  2609 net.cpp:165] Memory required for data: 1456145840
I1025 17:52:52.523761  2609 layer_factory.hpp:77] Creating layer norm3
I1025 17:52:52.523766  2609 net.cpp:100] Creating Layer norm3
I1025 17:52:52.523769  2609 net.cpp:434] norm3 <- convpool3
I1025 17:52:52.523773  2609 net.cpp:408] norm3 -> norm3
I1025 17:52:52.523991  2609 net.cpp:150] Setting up norm3
I1025 17:52:52.523998  2609 net.cpp:157] Top shape: 10 256 24 24 (1474560)
I1025 17:52:52.524001  2609 net.cpp:165] Memory required for data: 1462044080
I1025 17:52:52.524008  2609 layer_factory.hpp:77] Creating layer conv7
I1025 17:52:52.524016  2609 net.cpp:100] Creating Layer conv7
I1025 17:52:52.524019  2609 net.cpp:434] conv7 <- norm3
I1025 17:52:52.524024  2609 net.cpp:408] conv7 -> conv7
I1025 17:52:52.532390  2609 net.cpp:150] Setting up conv7
I1025 17:52:52.532412  2609 net.cpp:157] Top shape: 10 384 22 22 (1858560)
I1025 17:52:52.532415  2609 net.cpp:165] Memory required for data: 1469478320
I1025 17:52:52.532423  2609 layer_factory.hpp:77] Creating layer elu7
I1025 17:52:52.532430  2609 net.cpp:100] Creating Layer elu7
I1025 17:52:52.532435  2609 net.cpp:434] elu7 <- conv7
I1025 17:52:52.532440  2609 net.cpp:395] elu7 -> conv7 (in-place)
I1025 17:52:52.532447  2609 net.cpp:150] Setting up elu7
I1025 17:52:52.532451  2609 net.cpp:157] Top shape: 10 384 22 22 (1858560)
I1025 17:52:52.532454  2609 net.cpp:165] Memory required for data: 1476912560
I1025 17:52:52.532457  2609 layer_factory.hpp:77] Creating layer conv8
I1025 17:52:52.532465  2609 net.cpp:100] Creating Layer conv8
I1025 17:52:52.532469  2609 net.cpp:434] conv8 <- conv7
I1025 17:52:52.532475  2609 net.cpp:408] conv8 -> conv8
I1025 17:52:52.544518  2609 net.cpp:150] Setting up conv8
I1025 17:52:52.544544  2609 net.cpp:157] Top shape: 10 384 20 20 (1536000)
I1025 17:52:52.544548  2609 net.cpp:165] Memory required for data: 1483056560
I1025 17:52:52.544556  2609 layer_factory.hpp:77] Creating layer elu8
I1025 17:52:52.544564  2609 net.cpp:100] Creating Layer elu8
I1025 17:52:52.544567  2609 net.cpp:434] elu8 <- conv8
I1025 17:52:52.544575  2609 net.cpp:395] elu8 -> conv8 (in-place)
I1025 17:52:52.544584  2609 net.cpp:150] Setting up elu8
I1025 17:52:52.544589  2609 net.cpp:157] Top shape: 10 384 20 20 (1536000)
I1025 17:52:52.544591  2609 net.cpp:165] Memory required for data: 1489200560
I1025 17:52:52.544595  2609 layer_factory.hpp:77] Creating layer convpool4
I1025 17:52:52.544606  2609 net.cpp:100] Creating Layer convpool4
I1025 17:52:52.544610  2609 net.cpp:434] convpool4 <- conv8
I1025 17:52:52.544626  2609 net.cpp:408] convpool4 -> convpool4
I1025 17:52:52.556654  2609 net.cpp:150] Setting up convpool4
I1025 17:52:52.556681  2609 net.cpp:157] Top shape: 10 384 9 9 (311040)
I1025 17:52:52.556685  2609 net.cpp:165] Memory required for data: 1490444720
I1025 17:52:52.556702  2609 layer_factory.hpp:77] Creating layer elupool4
I1025 17:52:52.556712  2609 net.cpp:100] Creating Layer elupool4
I1025 17:52:52.556718  2609 net.cpp:434] elupool4 <- convpool4
I1025 17:52:52.556725  2609 net.cpp:395] elupool4 -> convpool4 (in-place)
I1025 17:52:52.556733  2609 net.cpp:150] Setting up elupool4
I1025 17:52:52.556738  2609 net.cpp:157] Top shape: 10 384 9 9 (311040)
I1025 17:52:52.556742  2609 net.cpp:165] Memory required for data: 1491688880
I1025 17:52:52.556746  2609 layer_factory.hpp:77] Creating layer norm4
I1025 17:52:52.556751  2609 net.cpp:100] Creating Layer norm4
I1025 17:52:52.556756  2609 net.cpp:434] norm4 <- convpool4
I1025 17:52:52.556762  2609 net.cpp:408] norm4 -> norm4
I1025 17:52:52.557003  2609 net.cpp:150] Setting up norm4
I1025 17:52:52.557009  2609 net.cpp:157] Top shape: 10 384 9 9 (311040)
I1025 17:52:52.557013  2609 net.cpp:165] Memory required for data: 1492933040
I1025 17:52:52.557021  2609 layer_factory.hpp:77] Creating layer conv9
I1025 17:52:52.557030  2609 net.cpp:100] Creating Layer conv9
I1025 17:52:52.557034  2609 net.cpp:434] conv9 <- norm4
I1025 17:52:52.557041  2609 net.cpp:408] conv9 -> conv9
I1025 17:52:52.587286  2609 net.cpp:150] Setting up conv9
I1025 17:52:52.587313  2609 net.cpp:157] Top shape: 10 1024 7 7 (501760)
I1025 17:52:52.587317  2609 net.cpp:165] Memory required for data: 1494940080
I1025 17:52:52.587327  2609 layer_factory.hpp:77] Creating layer elu9
I1025 17:52:52.587340  2609 net.cpp:100] Creating Layer elu9
I1025 17:52:52.587345  2609 net.cpp:434] elu9 <- conv9
I1025 17:52:52.587352  2609 net.cpp:395] elu9 -> conv9 (in-place)
I1025 17:52:52.587360  2609 net.cpp:150] Setting up elu9
I1025 17:52:52.587366  2609 net.cpp:157] Top shape: 10 1024 7 7 (501760)
I1025 17:52:52.587369  2609 net.cpp:165] Memory required for data: 1496947120
I1025 17:52:52.587373  2609 layer_factory.hpp:77] Creating layer conv10
I1025 17:52:52.587391  2609 net.cpp:100] Creating Layer conv10
I1025 17:52:52.587396  2609 net.cpp:434] conv10 <- conv9
I1025 17:52:52.587401  2609 net.cpp:408] conv10 -> conv10
I1025 17:52:52.597004  2609 net.cpp:150] Setting up conv10
I1025 17:52:52.597018  2609 net.cpp:157] Top shape: 10 1024 7 7 (501760)
I1025 17:52:52.597021  2609 net.cpp:165] Memory required for data: 1498954160
I1025 17:52:52.597028  2609 layer_factory.hpp:77] Creating layer elu10
I1025 17:52:52.597036  2609 net.cpp:100] Creating Layer elu10
I1025 17:52:52.597040  2609 net.cpp:434] elu10 <- conv10
I1025 17:52:52.597046  2609 net.cpp:395] elu10 -> conv10 (in-place)
I1025 17:52:52.597053  2609 net.cpp:150] Setting up elu10
I1025 17:52:52.597057  2609 net.cpp:157] Top shape: 10 1024 7 7 (501760)
I1025 17:52:52.597061  2609 net.cpp:165] Memory required for data: 1500961200
I1025 17:52:52.597065  2609 layer_factory.hpp:77] Creating layer conv11
I1025 17:52:52.597074  2609 net.cpp:100] Creating Layer conv11
I1025 17:52:52.597076  2609 net.cpp:434] conv11 <- conv10
I1025 17:52:52.597084  2609 net.cpp:408] conv11 -> conv11
I1025 17:52:52.606688  2609 net.cpp:150] Setting up conv11
I1025 17:52:52.606716  2609 net.cpp:157] Top shape: 10 1000 7 7 (490000)
I1025 17:52:52.606719  2609 net.cpp:165] Memory required for data: 1502921200
I1025 17:52:52.606729  2609 layer_factory.hpp:77] Creating layer elu11
I1025 17:52:52.606739  2609 net.cpp:100] Creating Layer elu11
I1025 17:52:52.606744  2609 net.cpp:434] elu11 <- conv11
I1025 17:52:52.606751  2609 net.cpp:395] elu11 -> conv11 (in-place)
I1025 17:52:52.606760  2609 net.cpp:150] Setting up elu11
I1025 17:52:52.606765  2609 net.cpp:157] Top shape: 10 1000 7 7 (490000)
I1025 17:52:52.606770  2609 net.cpp:165] Memory required for data: 1504881200
I1025 17:52:52.606771  2609 layer_factory.hpp:77] Creating layer pool
I1025 17:52:52.606787  2609 net.cpp:100] Creating Layer pool
I1025 17:52:52.606792  2609 net.cpp:434] pool <- conv11
I1025 17:52:52.606798  2609 net.cpp:408] pool -> pool
I1025 17:52:52.607085  2609 net.cpp:150] Setting up pool
I1025 17:52:52.607094  2609 net.cpp:157] Top shape: 10 1000 1 1 (10000)
I1025 17:52:52.607098  2609 net.cpp:165] Memory required for data: 1504921200
I1025 17:52:52.607102  2609 layer_factory.hpp:77] Creating layer pool_pool_0_split
I1025 17:52:52.607108  2609 net.cpp:100] Creating Layer pool_pool_0_split
I1025 17:52:52.607111  2609 net.cpp:434] pool_pool_0_split <- pool
I1025 17:52:52.607118  2609 net.cpp:408] pool_pool_0_split -> pool_pool_0_split_0
I1025 17:52:52.607125  2609 net.cpp:408] pool_pool_0_split -> pool_pool_0_split_1
I1025 17:52:52.607167  2609 net.cpp:150] Setting up pool_pool_0_split
I1025 17:52:52.607173  2609 net.cpp:157] Top shape: 10 1000 1 1 (10000)
I1025 17:52:52.607178  2609 net.cpp:157] Top shape: 10 1000 1 1 (10000)
I1025 17:52:52.607182  2609 net.cpp:165] Memory required for data: 1505001200
I1025 17:52:52.607185  2609 layer_factory.hpp:77] Creating layer accuracy
I1025 17:52:52.607192  2609 net.cpp:100] Creating Layer accuracy
I1025 17:52:52.607197  2609 net.cpp:434] accuracy <- pool_pool_0_split_0
I1025 17:52:52.607200  2609 net.cpp:434] accuracy <- label_data_1_split_0
I1025 17:52:52.607206  2609 net.cpp:408] accuracy -> accuracy
I1025 17:52:52.607213  2609 net.cpp:150] Setting up accuracy
I1025 17:52:52.607218  2609 net.cpp:157] Top shape: (1)
I1025 17:52:52.607221  2609 net.cpp:165] Memory required for data: 1505001204
I1025 17:52:52.607225  2609 layer_factory.hpp:77] Creating layer loss
I1025 17:52:52.607229  2609 net.cpp:100] Creating Layer loss
I1025 17:52:52.607234  2609 net.cpp:434] loss <- pool_pool_0_split_1
I1025 17:52:52.607237  2609 net.cpp:434] loss <- label_data_1_split_1
I1025 17:52:52.607242  2609 net.cpp:408] loss -> loss
I1025 17:52:52.607250  2609 layer_factory.hpp:77] Creating layer loss
I1025 17:52:52.607527  2609 net.cpp:150] Setting up loss
I1025 17:52:52.607534  2609 net.cpp:157] Top shape: (1)
I1025 17:52:52.607538  2609 net.cpp:160]     with loss weight 1
I1025 17:52:52.607549  2609 net.cpp:165] Memory required for data: 1505001208
I1025 17:52:52.607553  2609 net.cpp:226] loss needs backward computation.
I1025 17:52:52.607558  2609 net.cpp:228] accuracy does not need backward computation.
I1025 17:52:52.607563  2609 net.cpp:226] pool_pool_0_split needs backward computation.
I1025 17:52:52.607566  2609 net.cpp:226] pool needs backward computation.
I1025 17:52:52.607570  2609 net.cpp:226] elu11 needs backward computation.
I1025 17:52:52.607574  2609 net.cpp:226] conv11 needs backward computation.
I1025 17:52:52.607578  2609 net.cpp:226] elu10 needs backward computation.
I1025 17:52:52.607579  2609 net.cpp:226] conv10 needs backward computation.
I1025 17:52:52.607584  2609 net.cpp:226] elu9 needs backward computation.
I1025 17:52:52.607587  2609 net.cpp:226] conv9 needs backward computation.
I1025 17:52:52.607590  2609 net.cpp:226] norm4 needs backward computation.
I1025 17:52:52.607594  2609 net.cpp:226] elupool4 needs backward computation.
I1025 17:52:52.607597  2609 net.cpp:226] convpool4 needs backward computation.
I1025 17:52:52.607601  2609 net.cpp:226] elu8 needs backward computation.
I1025 17:52:52.607604  2609 net.cpp:226] conv8 needs backward computation.
I1025 17:52:52.607607  2609 net.cpp:226] elu7 needs backward computation.
I1025 17:52:52.607614  2609 net.cpp:226] conv7 needs backward computation.
I1025 17:52:52.607616  2609 net.cpp:226] norm3 needs backward computation.
I1025 17:52:52.607620  2609 net.cpp:226] elupool3 needs backward computation.
I1025 17:52:52.607622  2609 net.cpp:226] convpool3 needs backward computation.
I1025 17:52:52.607627  2609 net.cpp:226] elu6 needs backward computation.
I1025 17:52:52.607630  2609 net.cpp:226] conv6 needs backward computation.
I1025 17:52:52.607632  2609 net.cpp:226] elu5 needs backward computation.
I1025 17:52:52.607635  2609 net.cpp:226] conv5 needs backward computation.
I1025 17:52:52.607640  2609 net.cpp:226] norm2 needs backward computation.
I1025 17:52:52.607650  2609 net.cpp:226] elupool2 needs backward computation.
I1025 17:52:52.607653  2609 net.cpp:226] convpool2 needs backward computation.
I1025 17:52:52.607657  2609 net.cpp:226] elu4 needs backward computation.
I1025 17:52:52.607661  2609 net.cpp:226] conv4 needs backward computation.
I1025 17:52:52.607664  2609 net.cpp:226] elu3 needs backward computation.
I1025 17:52:52.607668  2609 net.cpp:226] conv3 needs backward computation.
I1025 17:52:52.607671  2609 net.cpp:226] norm1 needs backward computation.
I1025 17:52:52.607676  2609 net.cpp:226] elupool1 needs backward computation.
I1025 17:52:52.607678  2609 net.cpp:226] convpool1 needs backward computation.
I1025 17:52:52.607682  2609 net.cpp:226] elu2 needs backward computation.
I1025 17:52:52.607686  2609 net.cpp:226] conv2 needs backward computation.
I1025 17:52:52.607689  2609 net.cpp:226] elu1 needs backward computation.
I1025 17:52:52.607693  2609 net.cpp:226] conv1 needs backward computation.
I1025 17:52:52.607697  2609 net.cpp:228] label_data_1_split does not need backward computation.
I1025 17:52:52.607702  2609 net.cpp:228] data does not need backward computation.
I1025 17:52:52.607705  2609 net.cpp:270] This network produces output accuracy
I1025 17:52:52.607708  2609 net.cpp:270] This network produces output loss
I1025 17:52:52.607730  2609 net.cpp:283] Network initialization done.
I1025 17:52:52.607830  2609 solver.cpp:60] Solver scaffolding done.
I1025 17:52:52.610160  2609 caffe.cpp:241] Resuming from adamnet_train_iter_120000.solverstate
I1025 17:52:53.794637  2609 upgrade_proto.cpp:77] Attempting to upgrade batch norm layers using deprecated params: adamnet_train_iter_120000.caffemodel
I1025 17:52:53.794697  2609 upgrade_proto.cpp:80] Successfully upgraded batch norm layers using deprecated params.
I1025 17:52:53.812927  2609 sgd_solver.cpp:318] SGDSolver: restoring history
I1025 17:52:53.854792  2609 caffe.cpp:251] Starting Optimization
I1025 17:52:53.854820  2609 solver.cpp:279] Solving CaffeNet
I1025 17:52:53.854821  2609 solver.cpp:280] Learning Rate Policy: step
I1025 17:52:53.856461  2609 solver.cpp:337] Iteration 120000, Testing net (#0)
I1025 17:56:19.339907  2609 solver.cpp:404]     Test net output #0: accuracy = 0.0007
I1025 17:56:19.339979  2609 solver.cpp:404]     Test net output #1: loss = 6.90776 (* 1 = 6.90776 loss)
I1025 17:56:19.559514  2609 solver.cpp:228] Iteration 120000, loss = 6.90851
I1025 17:56:19.559542  2609 solver.cpp:244]     Train net output #0: accuracy = 0
I1025 17:56:19.559550  2609 solver.cpp:244]     Train net output #1: loss = 6.90851 (* 1 = 6.90851 loss)
I1025 17:56:19.559558  2609 sgd_solver.cpp:106] Iteration 120000, lr = 0.0001
I1025 17:56:33.896386  2609 solver.cpp:228] Iteration 120020, loss = 6.90861
I1025 17:56:33.896411  2609 solver.cpp:244]     Train net output #0: accuracy = 0
I1025 17:56:33.896419  2609 solver.cpp:244]     Train net output #1: loss = 6.90861 (* 1 = 6.90861 loss)
I1025 17:56:33.896422  2609 sgd_solver.cpp:106] Iteration 120020, lr = 0.0001
I1025 17:56:48.225817  2609 solver.cpp:228] Iteration 120040, loss = 6.90853
I1025 17:56:48.225842  2609 solver.cpp:244]     Train net output #0: accuracy = 0
I1025 17:56:48.225849  2609 solver.cpp:244]     Train net output #1: loss = 6.90853 (* 1 = 6.90853 loss)
I1025 17:56:48.225852  2609 sgd_solver.cpp:106] Iteration 120040, lr = 0.0001
I1025 17:57:02.550622  2609 solver.cpp:228] Iteration 120060, loss = 6.90865
I1025 17:57:02.550715  2609 solver.cpp:244]     Train net output #0: accuracy = 0
I1025 17:57:02.550724  2609 solver.cpp:244]     Train net output #1: loss = 6.90865 (* 1 = 6.90865 loss)
I1025 17:57:02.550727  2609 sgd_solver.cpp:106] Iteration 120060, lr = 0.0001
I1025 17:57:16.890822  2609 solver.cpp:228] Iteration 120080, loss = 6.9032
I1025 17:57:16.890846  2609 solver.cpp:244]     Train net output #0: accuracy = 0
I1025 17:57:16.890852  2609 solver.cpp:244]     Train net output #1: loss = 6.9032 (* 1 = 6.9032 loss)
I1025 17:57:16.890856  2609 sgd_solver.cpp:106] Iteration 120080, lr = 0.0001
I1025 17:57:31.213361  2609 solver.cpp:228] Iteration 120100, loss = 6.90848
I1025 17:57:31.213384  2609 solver.cpp:244]     Train net output #0: accuracy = 0
I1025 17:57:31.213392  2609 solver.cpp:244]     Train net output #1: loss = 6.90848 (* 1 = 6.90848 loss)
I1025 17:57:31.213394  2609 sgd_solver.cpp:106] Iteration 120100, lr = 0.0001
I1025 17:57:45.532202  2609 solver.cpp:228] Iteration 120120, loss = 6.90842
I1025 17:57:45.532313  2609 solver.cpp:244]     Train net output #0: accuracy = 0
I1025 17:57:45.532321  2609 solver.cpp:244]     Train net output #1: loss = 6.90842 (* 1 = 6.90842 loss)
I1025 17:57:45.532325  2609 sgd_solver.cpp:106] Iteration 120120, lr = 0.0001
I1025 17:57:59.864406  2609 solver.cpp:228] Iteration 120140, loss = 6.90828
I1025 17:57:59.864431  2609 solver.cpp:244]     Train net output #0: accuracy = 0
I1025 17:57:59.864437  2609 solver.cpp:244]     Train net output #1: loss = 6.90828 (* 1 = 6.90828 loss)
I1025 17:57:59.864440  2609 sgd_solver.cpp:106] Iteration 120140, lr = 0.0001
I1025 17:58:14.199046  2609 solver.cpp:228] Iteration 120160, loss = 6.90858
I1025 17:58:14.199070  2609 solver.cpp:244]     Train net output #0: accuracy = 0
I1025 17:58:14.199077  2609 solver.cpp:244]     Train net output #1: loss = 6.90858 (* 1 = 6.90858 loss)
I1025 17:58:14.199080  2609 sgd_solver.cpp:106] Iteration 120160, lr = 0.0001
I1025 17:58:28.512877  2609 solver.cpp:228] Iteration 120180, loss = 6.90863
I1025 17:58:28.512959  2609 solver.cpp:244]     Train net output #0: accuracy = 0
I1025 17:58:28.512966  2609 solver.cpp:244]     Train net output #1: loss = 6.90863 (* 1 = 6.90863 loss)
I1025 17:58:28.512970  2609 sgd_solver.cpp:106] Iteration 120180, lr = 0.0001
I1025 17:58:42.831516  2609 solver.cpp:228] Iteration 120200, loss = 6.90793
I1025 17:58:42.831539  2609 solver.cpp:244]     Train net output #0: accuracy = 0
I1025 17:58:42.831547  2609 solver.cpp:244]     Train net output #1: loss = 6.90793 (* 1 = 6.90793 loss)
I1025 17:58:42.831550  2609 sgd_solver.cpp:106] Iteration 120200, lr = 0.0001
I1025 17:58:57.150368  2609 solver.cpp:228] Iteration 120220, loss = 6.90799
I1025 17:58:57.150393  2609 solver.cpp:244]     Train net output #0: accuracy = 0
I1025 17:58:57.150399  2609 solver.cpp:244]     Train net output #1: loss = 6.90799 (* 1 = 6.90799 loss)
I1025 17:58:57.150403  2609 sgd_solver.cpp:106] Iteration 120220, lr = 0.0001
I1025 17:59:11.473347  2609 solver.cpp:228] Iteration 120240, loss = 6.90861
I1025 17:59:11.473446  2609 solver.cpp:244]     Train net output #0: accuracy = 0
I1025 17:59:11.473453  2609 solver.cpp:244]     Train net output #1: loss = 6.90861 (* 1 = 6.90861 loss)
I1025 17:59:11.473458  2609 sgd_solver.cpp:106] Iteration 120240, lr = 0.0001
I1025 17:59:25.793874  2609 solver.cpp:228] Iteration 120260, loss = 6.90783
I1025 17:59:25.793900  2609 solver.cpp:244]     Train net output #0: accuracy = 0
I1025 17:59:25.793906  2609 solver.cpp:244]     Train net output #1: loss = 6.90783 (* 1 = 6.90783 loss)
I1025 17:59:25.793910  2609 sgd_solver.cpp:106] Iteration 120260, lr = 0.0001
I1025 17:59:40.121727  2609 solver.cpp:228] Iteration 120280, loss = 6.90646
I1025 17:59:40.121752  2609 solver.cpp:244]     Train net output #0: accuracy = 0
I1025 17:59:40.121757  2609 solver.cpp:244]     Train net output #1: loss = 6.90646 (* 1 = 6.90646 loss)
I1025 17:59:40.121762  2609 sgd_solver.cpp:106] Iteration 120280, lr = 0.0001
I1025 17:59:54.442013  2609 solver.cpp:228] Iteration 120300, loss = 6.90833
I1025 17:59:54.442103  2609 solver.cpp:244]     Train net output #0: accuracy = 0
I1025 17:59:54.442111  2609 solver.cpp:244]     Train net output #1: loss = 6.90833 (* 1 = 6.90833 loss)
I1025 17:59:54.442116  2609 sgd_solver.cpp:106] Iteration 120300, lr = 0.0001
I1025 18:00:08.759960  2609 solver.cpp:228] Iteration 120320, loss = 6.91044
I1025 18:00:08.759984  2609 solver.cpp:244]     Train net output #0: accuracy = 0
I1025 18:00:08.759990  2609 solver.cpp:244]     Train net output #1: loss = 6.91044 (* 1 = 6.91044 loss)
I1025 18:00:08.759994  2609 sgd_solver.cpp:106] Iteration 120320, lr = 0.0001
